[1027/204310.833:ERROR:process_reader_win.cc(123)] NtOpenThread: {Access Denied} A process has requested access to an object, but has not been granted those access rights. (0xc0000022)
[1027/204310.844:ERROR:exception_snapshot_win.cc(99)] thread ID 4176 not found in process
[1027/204310.862:ERROR:process_reader_win.cc(123)] NtOpenThread: {Access Denied} A process has requested access to an object, but has not been granted those access rights. (0xc0000022)
[1027/204310.862:ERROR:exception_snapshot_win.cc(99)] thread ID 2224 not found in process
[1029/135500.985:ERROR:process_reader_win.cc(151)] SuspendThread: Access is denied. (0x5)
[1029/135500.997:ERROR:process_reader_win.cc(151)] SuspendThread: Access is denied. (0x5)
[1029/135501.032:ERROR:process_reader_win.cc(151)] SuspendThread: Access is denied. (0x5)
[1029/135501.032:ERROR:process_reader_win.cc(151)] SuspendThread: Access is denied. (0x5)
[1029/135501.032:ERROR:process_reader_win.cc(151)] SuspendThread: Access is denied. (0x5)
[1029/135501.032:ERROR:process_reader_win.cc(151)] SuspendThread: Access is denied. (0x5)
[1029/135501.032:ERROR:process_reader_win.cc(151)] SuspendThread: Access is denied. (0x5)
[1029/135501.032:ERROR:process_reader_win.cc(151)] SuspendThread: Access is denied. (0x5)
[1029/135501.032:ERROR:process_reader_win.cc(151)] SuspendThread: Access is denied. (0x5)
[1029/135501.032:ERROR:process_reader_win.cc(151)] SuspendThread: Access is denied. (0x5)
[1029/135501.032:ERROR:process_reader_win.cc(151)] SuspendThread: Access is denied. (0x5)
[1029/135501.032:ERROR:process_reader_win.cc(151)] SuspendThread: Access is denied. (0x5)
[1029/135501.032:ERROR:process_reader_win.cc(151)] SuspendThread: Access is denied. (0x5)
[1029/135501.032:ERROR:process_reader_win.cc(151)] SuspendThread: Access is denied. (0x5)
[1029/135501.032:ERROR:process_reader_win.cc(151)] SuspendThread: Access is denied. (0x5)
[1029/135501.032:ERROR:process_reader_win.cc(151)] SuspendThread: Access is denied. (0x5)
[1029/135501.032:ERROR:process_reader_win.cc(151)] SuspendThread: Access is denied. (0x5)
[1029/135501.032:ERROR:process_reader_win.cc(151)] SuspendThread: Access is denied. (0x5)
[1029/135501.032:ERROR:process_reader_win.cc(151)] SuspendThread: Access is denied. (0x5)
[1029/135501.032:ERROR:process_reader_win.cc(151)] SuspendThread: Access is denied. (0x5)
[1029/135501.032:ERROR:process_reader_win.cc(151)] SuspendThread: Access is denied. (0x5)
[1029/135501.032:ERROR:process_reader_win.cc(151)] SuspendThread: Access is denied. (0x5)
[1029/135501.032:ERROR:process_reader_win.cc(151)] SuspendThread: Access is denied. (0x5)
[1029/135501.032:ERROR:process_reader_win.cc(151)] SuspendThread: Access is denied. (0x5)
[1029/135501.032:ERROR:process_reader_win.cc(151)] SuspendThread: Access is denied. (0x5)
[1029/135501.032:ERROR:process_reader_win.cc(151)] SuspendThread: Access is denied. (0x5)
[1029/135501.032:ERROR:process_reader_win.cc(151)] SuspendThread: Access is denied. (0x5)
[1029/135501.032:ERROR:process_reader_win.cc(151)] SuspendThread: Access is denied. (0x5)
[1029/135501.032:ERROR:process_reader_win.cc(151)] SuspendThread: Access is denied. (0x5)
[1029/135501.032:ERROR:process_reader_win.cc(151)] SuspendThread: Access is denied. (0x5)
[1029/135501.032:ERROR:process_reader_win.cc(151)] SuspendThread: Access is denied. (0x5)
[1029/135501.032:ERROR:process_reader_win.cc(151)] SuspendThread: Access is denied. (0x5)
[1029/135501.049:ERROR:process_reader_win.cc(151)] SuspendThread: Access is denied. (0x5)
[1029/135501.050:ERROR:process_reader_win.cc(151)] SuspendThread: Access is denied. (0x5)
[1029/135501.051:ERROR:process_reader_win.cc(151)] SuspendThread: Access is denied. (0x5)
[1029/135501.051:ERROR:process_reader_win.cc(151)] SuspendThread: Access is denied. (0x5)
[1029/135501.051:ERROR:process_reader_win.cc(151)] SuspendThread: Access is denied. (0x5)
[1029/135501.051:ERROR:process_reader_win.cc(151)] SuspendThread: Access is denied. (0x5)
[1029/135501.051:ERROR:process_reader_win.cc(151)] SuspendThread: Access is denied. (0x5)
[1029/135501.051:ERROR:process_reader_win.cc(151)] SuspendThread: Access is denied. (0x5)
[1029/135501.051:ERROR:process_reader_win.cc(151)] SuspendThread: Access is denied. (0x5)
[1029/135501.051:ERROR:process_reader_win.cc(151)] SuspendThread: Access is denied. (0x5)
[1029/135501.051:ERROR:process_reader_win.cc(151)] SuspendThread: Access is denied. (0x5)
[1029/135501.052:ERROR:process_reader_win.cc(151)] SuspendThread: Access is denied. (0x5)
[1029/135501.052:ERROR:process_reader_win.cc(151)] SuspendThread: Access is denied. (0x5)
[1029/135501.052:ERROR:process_reader_win.cc(151)] SuspendThread: Access is denied. (0x5)
[1029/135501.052:ERROR:process_reader_win.cc(151)] SuspendThread: Access is denied. (0x5)
[1029/135501.052:ERROR:process_reader_win.cc(151)] SuspendThread: Access is denied. (0x5)
[1029/135501.053:ERROR:process_reader_win.cc(151)] SuspendThread: Access is denied. (0x5)
[1029/135501.055:ERROR:process_reader_win.cc(151)] SuspendThread: Access is denied. (0x5)
[1029/135501.033:ERROR:process_reader_win.cc(123)] NtOpenThread: {Access Denied} A process has requested access to an object, but has not been granted those access rights. (0xc0000022)
[1029/135501.057:ERROR:exception_snapshot_win.cc(99)] thread ID 16336 not found in process
[1029/135501.050:ERROR:process_reader_win.cc(123)] NtOpenThread: {Access Denied} A process has requested access to an object, but has not been granted those access rights. (0xc0000022)
[1029/135501.059:ERROR:exception_snapshot_win.cc(99)] thread ID 9148 not found in process
[1029/135501.032:ERROR:process_reader_win.cc(123)] NtOpenThread: An invalid Client ID was specified. (0xc000000b)
[1029/135501.060:ERROR:process_reader_win.cc(151)] SuspendThread: Access is denied. (0x5)
[1029/135501.060:ERROR:process_reader_win.cc(151)] SuspendThread: Access is denied. (0x5)
[1029/135501.060:ERROR:process_reader_win.cc(151)] SuspendThread: Access is denied. (0x5)
[1029/135501.060:ERROR:process_reader_win.cc(151)] SuspendThread: Access is denied. (0x5)
[1029/135501.060:ERROR:process_reader_win.cc(151)] SuspendThread: Access is denied. (0x5)
[1029/135501.060:ERROR:process_reader_win.cc(151)] SuspendThread: Access is denied. (0x5)
[1029/135501.060:ERROR:process_reader_win.cc(151)] SuspendThread: Access is denied. (0x5)
[1029/135501.060:ERROR:process_reader_win.cc(151)] SuspendThread: Access is denied. (0x5)
[1029/135501.060:ERROR:process_reader_win.cc(151)] SuspendThread: Access is denied. (0x5)
[1029/135501.060:ERROR:process_reader_win.cc(151)] SuspendThread: Access is denied. (0x5)
[1029/135501.060:ERROR:process_reader_win.cc(151)] SuspendThread: Access is denied. (0x5)
[1029/135501.060:ERROR:process_reader_win.cc(151)] SuspendThread: Access is denied. (0x5)
[1029/135501.060:ERROR:process_reader_win.cc(151)] SuspendThread: Access is denied. (0x5)
[1029/135501.060:ERROR:process_reader_win.cc(151)] SuspendThread: Access is denied. (0x5)
[1029/135501.060:ERROR:process_reader_win.cc(151)] SuspendThread: Access is denied. (0x5)
[1029/135501.060:ERROR:process_reader_win.cc(151)] SuspendThread: Access is denied. (0x5)
[1029/135501.060:ERROR:process_reader_win.cc(151)] SuspendThread: Access is denied. (0x5)
[1029/135501.060:ERROR:process_reader_win.cc(151)] SuspendThread: Access is denied. (0x5)
[1029/135501.060:ERROR:process_reader_win.cc(151)] SuspendThread: Access is denied. (0x5)
[1029/135501.060:ERROR:process_reader_win.cc(151)] SuspendThread: Access is denied. (0x5)
[1029/135501.060:ERROR:process_reader_win.cc(151)] SuspendThread: Access is denied. (0x5)
[1029/135501.060:ERROR:process_reader_win.cc(151)] SuspendThread: Access is denied. (0x5)
[1029/135501.060:ERROR:process_reader_win.cc(151)] SuspendThread: Access is denied. (0x5)
[1029/135501.060:ERROR:process_reader_win.cc(151)] SuspendThread: Access is denied. (0x5)
[1029/135501.060:ERROR:process_reader_win.cc(151)] SuspendThread: Access is denied. (0x5)
[1029/135501.060:ERROR:process_reader_win.cc(123)] NtOpenThread: {Access Denied} A process has requested access to an object, but has not been granted those access rights. (0xc0000022)
[1029/135501.060:ERROR:exception_snapshot_win.cc(99)] thread ID 3684 not found in process
[1029/135501.049:ERROR:process_reader_win.cc(123)] NtOpenThread: {Access Denied} A process has requested access to an object, but has not been granted those access rights. (0xc0000022)
[1029/135501.061:ERROR:exception_snapshot_win.cc(99)] thread ID 7400 not found in process
[1029/135501.053:ERROR:process_reader_win.cc(123)] NtOpenThread: {Access Denied} A process has requested access to an object, but has not been granted those access rights. (0xc0000022)
[1029/135501.061:ERROR:exception_snapshot_win.cc(99)] thread ID 14884 not found in process
[1029/135501.055:ERROR:process_reader_win.cc(123)] NtOpenThread: {Access Denied} A process has requested access to an object, but has not been granted those access rights. (0xc0000022)
[1029/135501.061:ERROR:exception_snapshot_win.cc(99)] thread ID 5384 not found in process
[1029/135501.052:ERROR:process_reader_win.cc(123)] NtOpenThread: An invalid Client ID was specified. (0xc000000b)
[1029/135501.062:ERROR:process_reader_win.cc(151)] SuspendThread: Access is denied. (0x5)
[1029/135501.062:ERROR:process_reader_win.cc(151)] SuspendThread: Access is denied. (0x5)
[1029/135501.062:ERROR:process_reader_win.cc(151)] SuspendThread: Access is denied. (0x5)
[1029/135501.062:ERROR:process_reader_win.cc(151)] SuspendThread: Access is denied. (0x5)
[1029/135501.062:ERROR:process_reader_win.cc(151)] SuspendThread: Access is denied. (0x5)
[1029/135501.062:ERROR:process_reader_win.cc(151)] SuspendThread: Access is denied. (0x5)
[1029/135501.062:ERROR:process_reader_win.cc(151)] SuspendThread: Access is denied. (0x5)
[1029/135501.062:ERROR:process_reader_win.cc(151)] SuspendThread: Access is denied. (0x5)
[1029/135501.062:ERROR:process_reader_win.cc(151)] SuspendThread: Access is denied. (0x5)
[1029/135501.062:ERROR:process_reader_win.cc(151)] SuspendThread: Access is denied. (0x5)
[1029/135501.062:ERROR:process_reader_win.cc(151)] SuspendThread: Access is denied. (0x5)
[1029/135501.062:ERROR:process_reader_win.cc(151)] SuspendThread: Access is denied. (0x5)
[1029/135501.062:ERROR:process_reader_win.cc(151)] SuspendThread: Access is denied. (0x5)
[1029/135501.062:ERROR:process_reader_win.cc(151)] SuspendThread: Access is denied. (0x5)
[1029/135501.062:ERROR:process_reader_win.cc(151)] SuspendThread: Access is denied. (0x5)
[1029/135501.062:ERROR:process_reader_win.cc(151)] SuspendThread: Access is denied. (0x5)
[1029/135501.062:ERROR:process_reader_win.cc(151)] SuspendThread: Access is denied. (0x5)
[1029/135501.062:ERROR:process_reader_win.cc(151)] SuspendThread: Access is denied. (0x5)
[1029/135501.062:ERROR:process_reader_win.cc(123)] NtOpenThread: {Access Denied} A process has requested access to an object, but has not been granted those access rights. (0xc0000022)
[1029/135501.062:ERROR:exception_snapshot_win.cc(99)] thread ID 16680 not found in process
[1029/135501.063:ERROR:process_reader_win.cc(151)] SuspendThread: Access is denied. (0x5)
[1029/135501.063:ERROR:process_reader_win.cc(151)] SuspendThread: Access is denied. (0x5)
[1029/135501.063:ERROR:process_reader_win.cc(151)] SuspendThread: Access is denied. (0x5)
[1029/135501.063:ERROR:process_reader_win.cc(151)] SuspendThread: Access is denied. (0x5)
[1029/135501.063:ERROR:process_reader_win.cc(123)] NtOpenThread: {Access Denied} A process has requested access to an object, but has not been granted those access rights. (0xc0000022)
[1029/135501.063:ERROR:exception_snapshot_win.cc(99)] thread ID 4132 not found in process
[1029/144512.911:ERROR:process_reader_win.cc(123)] NtOpenThread: {Access Denied} A process has requested access to an object, but has not been granted those access rights. (0xc0000022)
[1029/144512.912:ERROR:exception_snapshot_win.cc(99)] thread ID 5612 not found in process
[1029/144512.921:ERROR:process_reader_win.cc(123)] NtOpenThread: {Access Denied} A process has requested access to an object, but has not been granted those access rights. (0xc0000022)
[1029/144512.921:ERROR:exception_snapshot_win.cc(99)] thread ID 15472 not found in process
[1102/162540.664:ERROR:process_reader_win.cc(151)] SuspendThread: Access is denied. (0x5)
[1102/162540.664:ERROR:process_reader_win.cc(151)] SuspendThread: Access is denied. (0x5)
[1102/162540.679:ERROR:process_reader_win.cc(123)] NtOpenThread: {Access Denied} A process has requested access to an object, but has not been granted those access rights. (0xc0000022)
[1102/162540.679:ERROR:process_reader_win.cc(123)] NtOpenThread: {Access Denied} A process has requested access to an object, but has not been granted those access rights. (0xc0000022)
[1102/162540.668:ERROR:process_reader_win.cc(123)] NtOpenThread: {Access Denied} A process has requested access to an object, but has not been granted those access rights. (0xc0000022)
[1102/162540.693:ERROR:exception_snapshot_win.cc(99)] thread ID 12236 not found in process
[1102/162540.693:ERROR:exception_snapshot_win.cc(99)] thread ID 216 not found in process
[1102/162540.693:ERROR:exception_snapshot_win.cc(99)] thread ID 2492 not found in process
[1102/200112.477:ERROR:process_reader_win.cc(151)] SuspendThread: Access is denied. (0x5)
[1102/200112.478:ERROR:process_reader_win.cc(123)] NtOpenThread: {Access Denied} A process has requested access to an object, but has not been granted those access rights. (0xc0000022)
[1102/200112.478:ERROR:exception_snapshot_win.cc(99)] thread ID 11280 not found in process
[1102/200112.480:ERROR:process_reader_win.cc(151)] SuspendThread: Access is denied. (0x5)
[1102/200112.480:ERROR:process_reader_win.cc(151)] SuspendThread: Access is denied. (0x5)
[1102/200112.480:ERROR:process_reader_win.cc(151)] SuspendThread: Access is denied. (0x5)
[1102/200112.480:ERROR:process_reader_win.cc(123)] NtOpenThread: {Access Denied} A process has requested access to an object, but has not been granted those access rights. (0xc0000022)
[1102/200112.480:ERROR:exception_snapshot_win.cc(99)] thread ID 12984 not found in process
[1103/065820.011:ERROR:process_reader_win.cc(123)] NtOpenThread: {Access Denied} A process has requested access to an object, but has not been granted those access rights. (0xc0000022)
[1103/065820.015:ERROR:process_reader_win.cc(151)] SuspendThread: Access is denied. (0x5)
[1103/065820.009:ERROR:process_reader_win.cc(151)] SuspendThread: Access is denied. (0x5)
[1103/065820.130:ERROR:exception_snapshot_win.cc(99)] thread ID 8172 not found in process
[1103/065820.130:ERROR:process_reader_win.cc(151)] SuspendThread: Access is denied. (0x5)
[1103/065820.130:ERROR:process_reader_win.cc(151)] SuspendThread: Access is denied. (0x5)
[1103/065820.130:ERROR:process_reader_win.cc(123)] NtOpenThread: {Access Denied} A process has requested access to an object, but has not been granted those access rights. (0xc0000022)
[1103/065820.131:ERROR:process_reader_win.cc(151)] SuspendThread: Access is denied. (0x5)
[1103/065820.131:ERROR:exception_snapshot_win.cc(99)] thread ID 16212 not found in process
[1103/065820.131:ERROR:process_reader_win.cc(151)] SuspendThread: Access is denied. (0x5)
[1103/065820.131:ERROR:process_reader_win.cc(151)] SuspendThread: Access is denied. (0x5)
[1103/065820.131:ERROR:process_reader_win.cc(123)] NtOpenThread: {Access Denied} A process has requested access to an object, but has not been granted those access rights. (0xc0000022)
[1103/065820.131:ERROR:exception_snapshot_win.cc(99)] thread ID 1108 not found in process
[1103/070417.621:ERROR:process_reader_win.cc(123)] NtOpenThread: {Access Denied} A process has requested access to an object, but has not been granted those access rights. (0xc0000022)
[1103/070417.622:ERROR:exception_snapshot_win.cc(99)] thread ID 8796 not found in process
[1103/070417.668:ERROR:process_reader_win.cc(123)] NtOpenThread: {Access Denied} A process has requested access to an object, but has not been granted those access rights. (0xc0000022)
[1103/070417.668:ERROR:exception_snapshot_win.cc(99)] thread ID 9096 not found in process
[1103/135321.341:ERROR:process_reader_win.cc(151)] SuspendThread: Access is denied. (0x5)
[1103/135321.342:ERROR:process_reader_win.cc(151)] SuspendThread: Access is denied. (0x5)
[1103/135321.342:ERROR:process_reader_win.cc(151)] SuspendThread: Access is denied. (0x5)
[1103/135321.342:ERROR:process_reader_win.cc(151)] SuspendThread: Access is denied. (0x5)
[1103/135321.342:ERROR:process_reader_win.cc(151)] SuspendThread: Access is denied. (0x5)
[1103/135321.342:ERROR:process_reader_win.cc(151)] SuspendThread: Access is denied. (0x5)
[1103/135321.342:ERROR:process_reader_win.cc(151)] SuspendThread: Access is denied. (0x5)
[1103/135321.342:ERROR:process_reader_win.cc(123)] NtOpenThread: {Access Denied} A process has requested access to an object, but has not been granted those access rights. (0xc0000022)
[1103/135321.342:ERROR:exception_snapshot_win.cc(99)] thread ID 12052 not found in process
[1103/155505.813:ERROR:process_reader_win.cc(123)] NtOpenThread: {Access Denied} A process has requested access to an object, but has not been granted those access rights. (0xc0000022)
[1103/155505.814:ERROR:exception_snapshot_win.cc(99)] thread ID 18396 not found in process
[1103/155505.813:ERROR:process_reader_win.cc(123)] NtOpenThread: {Access Denied} A process has requested access to an object, but has not been granted those access rights. (0xc0000022)
[1103/155505.814:ERROR:exception_snapshot_win.cc(99)] thread ID 14148 not found in process
[1103/192233.475:ERROR:directory_reader_win.cc(43)] FindFirstFile: The system cannot find the path specified. (0x3)
